Using pre-set license
Built from '2021.3/release' branch; Version is '2021.3.12f1 (8af3c3e441b1) revision 9106371'; Using compiler version '192829333'; Build Type 'Release'
OS: 'Windows 11  (10.0.22621) 64bit Core' Language: 'en' Physical Memory: 16087 MB
BatchMode: 1, IsHumanControllingUs: 0, StartBugReporterOnCrash: 0, Is64bit: 1, IsPro: 1

COMMAND LINE ARGUMENTS:
C:\Program Files\Unity\Hub\Editor\2021.3.12f1\Editor\Unity.exe
-adb2
-batchMode
-noUpm
-name
AssetImportWorker0
-projectPath
C:/Users/epicl/OneDrive/Documents/NUIG/Final Year Project/Unity FPY/FinalYearProject
-logFile
Logs/AssetImportWorker0.log
-srvPort
63094
Successfully changed project path to: C:/Users/epicl/OneDrive/Documents/NUIG/Final Year Project/Unity FPY/FinalYearProject
C:/Users/epicl/OneDrive/Documents/NUIG/Final Year Project/Unity FPY/FinalYearProject
[UnityMemory] Configuration Parameters - Can be set up in boot.config
    "memorysetup-bucket-allocator-granularity=16"
    "memorysetup-bucket-allocator-bucket-count=8"
    "memorysetup-bucket-allocator-block-size=33554432"
    "memorysetup-bucket-allocator-block-count=8"
    "memorysetup-main-allocator-block-size=16777216"
    "memorysetup-thread-allocator-block-size=16777216"
    "memorysetup-gfx-main-allocator-block-size=16777216"
    "memorysetup-gfx-thread-allocator-block-size=16777216"
    "memorysetup-cache-allocator-block-size=4194304"
    "memorysetup-typetree-allocator-block-size=2097152"
    "memorysetup-profiler-bucket-allocator-granularity=16"
    "memorysetup-profiler-bucket-allocator-bucket-count=8"
    "memorysetup-profiler-bucket-allocator-block-size=33554432"
    "memorysetup-profiler-bucket-allocator-block-count=8"
    "memorysetup-profiler-allocator-block-size=16777216"
    "memorysetup-profiler-editor-allocator-block-size=1048576"
    "memorysetup-temp-allocator-size-main=16777216"
    "memorysetup-job-temp-allocator-block-size=2097152"
    "memorysetup-job-temp-allocator-block-size-background=1048576"
    "memorysetup-job-temp-allocator-reduction-small-platforms=262144"
    "memorysetup-temp-allocator-size-background-worker=32768"
    "memorysetup-temp-allocator-size-job-worker=262144"
    "memorysetup-temp-allocator-size-preload-manager=33554432"
    "memorysetup-temp-allocator-size-nav-mesh-worker=65536"
    "memorysetup-temp-allocator-size-audio-worker=65536"
    "memorysetup-temp-allocator-size-cloud-worker=32768"
    "memorysetup-temp-allocator-size-gi-baking-worker=262144"
    "memorysetup-temp-allocator-size-gfx=262144"
Refreshing native plugins compatible for Editor in 165.13 ms, found 3 plugins.
Preloading 0 native plugins for Editor in 0.00 ms.
Initialize engine version: 2021.3.12f1 (8af3c3e441b1)
[Subsystems] Discovering subsystems at path C:/Program Files/Unity/Hub/Editor/2021.3.12f1/Editor/Data/Resources/UnitySubsystems
[Subsystems] Discovering subsystems at path C:/Users/epicl/OneDrive/Documents/NUIG/Final Year Project/Unity FPY/FinalYearProject/Assets
GfxDevice: creating device client; threaded=0; jobified=0
Direct3D:
    Version:  Direct3D 11.0 [level 11.1]
    Renderer: NVIDIA GeForce RTX 3070 Laptop GPU (ID=0x249d)
    Vendor:   NVIDIA
    VRAM:     8033 MB
    Driver:   31.0.15.2849
Initialize mono
Mono path[0] = 'C:/Program Files/Unity/Hub/Editor/2021.3.12f1/Editor/Data/Managed'
Mono path[1] = 'C:/Program Files/Unity/Hub/Editor/2021.3.12f1/Editor/Data/MonoBleedingEdge/lib/mono/unityjit-win32'
Mono config path = 'C:/Program Files/Unity/Hub/Editor/2021.3.12f1/Editor/Data/MonoBleedingEdge/etc'
Using monoOptions --debugger-agent=transport=dt_socket,embedding=1,server=y,suspend=n,address=127.0.0.1:56440
Begin MonoManager ReloadAssembly
Registering precompiled unity dll's ...
Register platform support module: C:/Program Files/Unity/Hub/Editor/2021.3.12f1/Editor/Data/PlaybackEngines/WebGLSupport/UnityEditor.WebGL.Extensions.dll
Register platform support module: C:/Program Files/Unity/Hub/Editor/2021.3.12f1/Editor/Data/PlaybackEngines/WindowsStandaloneSupport/UnityEditor.WindowsStandalone.Extensions.dll
Registered in 0.010535 seconds.
Native extension for WindowsStandalone target not found
Native extension for WebGL target not found
Refreshing native plugins compatible for Editor in 175.86 ms, found 3 plugins.
Preloading 0 native plugins for Editor in 0.00 ms.
Mono: successfully reloaded assembly
- Completed reload, in  1.344 seconds
Domain Reload Profiling:
	ReloadAssembly (1345ms)
		BeginReloadAssembly (150ms)
			ExecutionOrderSort (0ms)
			DisableScriptedObjects (0ms)
			BackupInstance (0ms)
			ReleaseScriptingObjects (0ms)
			CreateAndSetChildDomain (1ms)
		EndReloadAssembly (972ms)
			LoadAssemblies (147ms)
			RebuildTransferFunctionScriptingTraits (0ms)
			SetupTypeCache (228ms)
			ReleaseScriptCaches (0ms)
			RebuildScriptCaches (55ms)
			SetupLoadedEditorAssemblies (578ms)
				LogAssemblyErrors (0ms)
				InitializePlatformSupportModulesInManaged (19ms)
				SetLoadedEditorAssemblies (0ms)
				RefreshPlugins (176ms)
				BeforeProcessingInitializeOnLoad (3ms)
				ProcessInitializeOnLoadAttributes (300ms)
				ProcessInitializeOnLoadMethodAttributes (80ms)
				AfterProcessingInitializeOnLoad (0ms)
				EditorAssembliesLoaded (0ms)
			ExecutionOrderSort2 (0ms)
			AwakeInstancesAfterBackupRestoration (0ms)
Platform modules already initialized, skipping
Registering precompiled user dll's ...
Registered in 0.014690 seconds.
Begin MonoManager ReloadAssembly
Symbol file LoadedFromMemory doesn't match image C:\Users\epicl\OneDrive\Documents\NUIG\Final Year Project\Unity FPY\FinalYearProject\Library\PackageCache\com.unity.visualscripting@1.7.8\Editor\VisualScripting.Core\Dependencies\YamlDotNet\Unity.VisualScripting.YamlDotNet.dll
Symbol file LoadedFromMemory doesn't match image C:\Users\epicl\OneDrive\Documents\NUIG\Final Year Project\Unity FPY\FinalYearProject\Library\PackageCache\com.unity.visualscripting@1.7.8\Editor\VisualScripting.Core\Dependencies\DotNetZip\Unity.VisualScripting.IonicZip.dll
Native extension for WindowsStandalone target not found
Native extension for WebGL target not found
Refreshing native plugins compatible for Editor in 0.75 ms, found 3 plugins.
Preloading 0 native plugins for Editor in 0.00 ms.
Mono: successfully reloaded assembly
- Completed reload, in  1.935 seconds
Domain Reload Profiling:
	ReloadAssembly (1936ms)
		BeginReloadAssembly (181ms)
			ExecutionOrderSort (0ms)
			DisableScriptedObjects (10ms)
			BackupInstance (0ms)
			ReleaseScriptingObjects (0ms)
			CreateAndSetChildDomain (29ms)
		EndReloadAssembly (1550ms)
			LoadAssemblies (153ms)
			RebuildTransferFunctionScriptingTraits (0ms)
			SetupTypeCache (436ms)
			ReleaseScriptCaches (1ms)
			RebuildScriptCaches (94ms)
			SetupLoadedEditorAssemblies (781ms)
				LogAssemblyErrors (0ms)
				InitializePlatformSupportModulesInManaged (9ms)
				SetLoadedEditorAssemblies (1ms)
				RefreshPlugins (1ms)
				BeforeProcessingInitializeOnLoad (170ms)
				ProcessInitializeOnLoadAttributes (533ms)
				ProcessInitializeOnLoadMethodAttributes (50ms)
				AfterProcessingInitializeOnLoad (17ms)
				EditorAssembliesLoaded (0ms)
			ExecutionOrderSort2 (0ms)
			AwakeInstancesAfterBackupRestoration (14ms)
Platform modules already initialized, skipping
========================================================================
Worker process is ready to serve import requests
Launched and connected shader compiler UnityShaderCompiler.exe after 0.28 seconds
Refreshing native plugins compatible for Editor in 1.45 ms, found 3 plugins.
Preloading 0 native plugins for Editor in 0.00 ms.
Unloading 3445 Unused Serialized files (Serialized files now loaded: 0)
Unloading 26 unused Assets / (87.7 KB). Loaded Objects now: 3908.
Memory consumption went from 121.7 MB to 121.6 MB.
Total: 5.878900 ms (FindLiveObjects: 0.400000 ms CreateObjectMapping: 0.168500 ms MarkObjects: 5.133300 ms  DeleteObjects: 0.174300 ms)

AssetImportParameters requested are different than current active one (requested -> active):
  custom:video-decoder-ogg-theora: a1e56fd34408186e4bbccfd4996cb3dc -> 
  custom:container-muxer-webm: aa71ff27fc2769a1b78a27578f13a17b -> 
  custom:container-demuxer-webm: 4f35f7cbe854078d1ac9338744f61a02 -> 
  custom:video-encoder-webm-vp8: eb34c28f22e8b96e1ab97ce403110664 -> 
  custom:audio-encoder-webm-vorbis: bf7c407c2cedff20999df2af8eb42d56 -> 
  custom:framework-win-MediaFoundation: 216162199b28c13a410421893ffa2e32 -> 
  custom:container-demuxer-ogg: 62fdf1f143b41e24485cea50d1cbac27 -> 
  custom:video-decoder-webm-vp8: 9c59270c3fd7afecdb556c50c9e8de78 -> 
  custom:audio-decoder-ogg-vorbis: bf7c407c2cedff20999df2af8eb42d56 -> 
========================================================================
Received Import Request.
  Time since last request: 167321.594119 seconds.
  path: Assets/Models/Aliens/Alien 4 right.prefab
  artifactKey: Guid(b514ec759579bee49a103785d0b0dc38) Importer(815301076,1909f56bfc062723c751e8b465ee728b)
Start importing Assets/Models/Aliens/Alien 4 right.prefab using Guid(b514ec759579bee49a103785d0b0dc38) Importer(815301076,1909f56bfc062723c751e8b465ee728b)  -> (artifact id: 'd025b4a4e5c726385a538a3dcf9ac437') in 0.329346 seconds 
========================================================================
Received Import Request.
  Time since last request: 0.000033 seconds.
  path: Assets/Models/Aliens/Alien 1 right.prefab
  artifactKey: Guid(586bc00670d127b46b20f2758af535c1) Importer(815301076,1909f56bfc062723c751e8b465ee728b)
Start importing Assets/Models/Aliens/Alien 1 right.prefab using Guid(586bc00670d127b46b20f2758af535c1) Importer(815301076,1909f56bfc062723c751e8b465ee728b)  -> (artifact id: '247d4b765c91102111898c80483b4022') in 0.036586 seconds 
========================================================================
Received Import Request.
  Time since last request: 0.000064 seconds.
  path: Assets/Models/Aliens/Alien 4.prefab
  artifactKey: Guid(8acf7af3aaebaa94fb8546602acf55af) Importer(815301076,1909f56bfc062723c751e8b465ee728b)
Start importing Assets/Models/Aliens/Alien 4.prefab using Guid(8acf7af3aaebaa94fb8546602acf55af) Importer(815301076,1909f56bfc062723c751e8b465ee728b)  -> (artifact id: 'f44d5fb28d55143e894bdcd328ff9846') in 0.035800 seconds 
========================================================================
Received Import Request.
  Time since last request: 71.161780 seconds.
  path: Assets/Models/Aliens/mob1.fbx
  artifactKey: Guid(a2698892f41186f4ba10dda9d3eb5b36) Importer(815301076,1909f56bfc062723c751e8b465ee728b)
Start importing Assets/Models/Aliens/mob1.fbx using Guid(a2698892f41186f4ba10dda9d3eb5b36) Importer(815301076,1909f56bfc062723c751e8b465ee728b)  -> (artifact id: '8d2934cf6b27f44c966cd2d68ce9caee') in 0.181414 seconds 
========================================================================
Received Import Request.
  Time since last request: 0.000037 seconds.
  path: Assets/Models/Aliens/mob4.fbx
  artifactKey: Guid(1e234587e7b8da3489a0b7a22f679cbd) Importer(815301076,1909f56bfc062723c751e8b465ee728b)
Start importing Assets/Models/Aliens/mob4.fbx using Guid(1e234587e7b8da3489a0b7a22f679cbd) Importer(815301076,1909f56bfc062723c751e8b465ee728b)  -> (artifact id: 'e9904147709bcdd9f7af5cf13527645b') in 0.731980 seconds 
========================================================================
Received Import Request.
  Time since last request: 76.611124 seconds.
  path: Assets/Models/Aliens/Alien 1 right.prefab
  artifactKey: Guid(586bc00670d127b46b20f2758af535c1) Importer(815301076,1909f56bfc062723c751e8b465ee728b)
Start importing Assets/Models/Aliens/Alien 1 right.prefab using Guid(586bc00670d127b46b20f2758af535c1) Importer(815301076,1909f56bfc062723c751e8b465ee728b)  -> (artifact id: '9115a0483f2f63fc894dcf6c53e6dbfb') in 0.022062 seconds 
========================================================================
Received Import Request.
  Time since last request: 3.585530 seconds.
  path: Assets/Models/Aliens/Alien 1 right.prefab
  artifactKey: Guid(586bc00670d127b46b20f2758af535c1) Importer(815301076,1909f56bfc062723c751e8b465ee728b)
Start importing Assets/Models/Aliens/Alien 1 right.prefab using Guid(586bc00670d127b46b20f2758af535c1) Importer(815301076,1909f56bfc062723c751e8b465ee728b)  -> (artifact id: 'd11e82dd3094fb4230492d55a763afd8') in 0.018829 seconds 
========================================================================
Received Import Request.
  Time since last request: 6.351249 seconds.
  path: Assets/Models/Aliens/Alien 1 right.prefab
  artifactKey: Guid(586bc00670d127b46b20f2758af535c1) Importer(815301076,1909f56bfc062723c751e8b465ee728b)
Start importing Assets/Models/Aliens/Alien 1 right.prefab using Guid(586bc00670d127b46b20f2758af535c1) Importer(815301076,1909f56bfc062723c751e8b465ee728b)  -> (artifact id: 'b595b40cf9d367bbe754e08bd292627c') in 0.026867 seconds 
========================================================================
Received Import Request.
  Time since last request: 2.144300 seconds.
  path: Assets/Models/Aliens/Alien 1 right.prefab
  artifactKey: Guid(586bc00670d127b46b20f2758af535c1) Importer(815301076,1909f56bfc062723c751e8b465ee728b)
Start importing Assets/Models/Aliens/Alien 1 right.prefab using Guid(586bc00670d127b46b20f2758af535c1) Importer(815301076,1909f56bfc062723c751e8b465ee728b)  -> (artifact id: '582f5e3332f72f47e2431da2d5d78828') in 0.034322 seconds 
========================================================================
Received Import Request.
  Time since last request: 10.831322 seconds.
  path: Assets/Models/Aliens/Alien 1 right.prefab
  artifactKey: Guid(586bc00670d127b46b20f2758af535c1) Importer(815301076,1909f56bfc062723c751e8b465ee728b)
Start importing Assets/Models/Aliens/Alien 1 right.prefab using Guid(586bc00670d127b46b20f2758af535c1) Importer(815301076,1909f56bfc062723c751e8b465ee728b)  -> (artifact id: 'c827025d799d9445379b096a72ee5756') in 0.015666 seconds 
========================================================================
Received Import Request.
  Time since last request: 1.046938 seconds.
  path: Assets/Models/Aliens/Alien 1 right.prefab
  artifactKey: Guid(586bc00670d127b46b20f2758af535c1) Importer(815301076,1909f56bfc062723c751e8b465ee728b)
Start importing Assets/Models/Aliens/Alien 1 right.prefab using Guid(586bc00670d127b46b20f2758af535c1) Importer(815301076,1909f56bfc062723c751e8b465ee728b)  -> (artifact id: '2f810de4d698fe5513609bfd08a97174') in 0.032906 seconds 
========================================================================
Received Import Request.
  Time since last request: 7.718452 seconds.
  path: Assets/Models/Aliens/Alien 1 right.prefab
  artifactKey: Guid(586bc00670d127b46b20f2758af535c1) Importer(815301076,1909f56bfc062723c751e8b465ee728b)
Start importing Assets/Models/Aliens/Alien 1 right.prefab using Guid(586bc00670d127b46b20f2758af535c1) Importer(815301076,1909f56bfc062723c751e8b465ee728b)  -> (artifact id: '4fb81245e9bc9f0656abc6a2aa7b3ff4') in 0.015830 seconds 
========================================================================
Received Import Request.
  Time since last request: 2.291307 seconds.
  path: Assets/Models/Aliens/Alien 1 right.prefab
  artifactKey: Guid(586bc00670d127b46b20f2758af535c1) Importer(815301076,1909f56bfc062723c751e8b465ee728b)
Start importing Assets/Models/Aliens/Alien 1 right.prefab using Guid(586bc00670d127b46b20f2758af535c1) Importer(815301076,1909f56bfc062723c751e8b465ee728b)  -> (artifact id: 'a391ce4b633db766b717f6feb5d737a5') in 0.025380 seconds 
========================================================================
Received Import Request.
  Time since last request: 3.174928 seconds.
  path: Assets/Models/Aliens/Alien 1 right.prefab
  artifactKey: Guid(586bc00670d127b46b20f2758af535c1) Importer(815301076,1909f56bfc062723c751e8b465ee728b)
Start importing Assets/Models/Aliens/Alien 1 right.prefab using Guid(586bc00670d127b46b20f2758af535c1) Importer(815301076,1909f56bfc062723c751e8b465ee728b)  -> (artifact id: 'e7401df7a2261fbc276ab722e6c0f227') in 0.020961 seconds 
========================================================================
Received Import Request.
  Time since last request: 8.966632 seconds.
  path: Assets/Models/Aliens/Alien 1 right.prefab
  artifactKey: Guid(586bc00670d127b46b20f2758af535c1) Importer(815301076,1909f56bfc062723c751e8b465ee728b)
Start importing Assets/Models/Aliens/Alien 1 right.prefab using Guid(586bc00670d127b46b20f2758af535c1) Importer(815301076,1909f56bfc062723c751e8b465ee728b)  -> (artifact id: '28761b47d58549253edd25ba48e1dae7') in 0.018352 seconds 
========================================================================
Received Import Request.
  Time since last request: 2.680815 seconds.
  path: Assets/Models/Aliens/Alien 1 right.prefab
  artifactKey: Guid(586bc00670d127b46b20f2758af535c1) Importer(815301076,1909f56bfc062723c751e8b465ee728b)
Start importing Assets/Models/Aliens/Alien 1 right.prefab using Guid(586bc00670d127b46b20f2758af535c1) Importer(815301076,1909f56bfc062723c751e8b465ee728b)  -> (artifact id: '5ba14cf38ee4c55a430f6d8cc1a0c286') in 0.020338 seconds 
========================================================================
Received Import Request.
  Time since last request: 21.714625 seconds.
  path: Assets/Models/Aliens/Alien 1 right 1.prefab
  artifactKey: Guid(5a26fd8743a5db545adfc3342bb518de) Importer(815301076,1909f56bfc062723c751e8b465ee728b)
Start importing Assets/Models/Aliens/Alien 1 right 1.prefab using Guid(5a26fd8743a5db545adfc3342bb518de) Importer(815301076,1909f56bfc062723c751e8b465ee728b)  -> (artifact id: 'f620b8f7c8e1aab9648b1ca4260c4404') in 0.029595 seconds 
========================================================================
Received Import Request.
  Time since last request: 9.033591 seconds.
  path: Assets/Models/Aliens/Alien 1 left.prefab
  artifactKey: Guid(5a26fd8743a5db545adfc3342bb518de) Importer(815301076,1909f56bfc062723c751e8b465ee728b)
Start importing Assets/Models/Aliens/Alien 1 left.prefab using Guid(5a26fd8743a5db545adfc3342bb518de) Importer(815301076,1909f56bfc062723c751e8b465ee728b)  -> (artifact id: 'b78cd4cac24bf252acbab60b8cecc4dd') in 0.025651 seconds 
========================================================================
Received Import Request.
  Time since last request: 2.781204 seconds.
  path: Assets/Models/Aliens/Alien 1 left.prefab
  artifactKey: Guid(5a26fd8743a5db545adfc3342bb518de) Importer(815301076,1909f56bfc062723c751e8b465ee728b)
Start importing Assets/Models/Aliens/Alien 1 left.prefab using Guid(5a26fd8743a5db545adfc3342bb518de) Importer(815301076,1909f56bfc062723c751e8b465ee728b)  -> (artifact id: '5211a2842406655432ed35a8fbb86940') in 0.089184 seconds 
========================================================================
Received Import Request.
  Time since last request: 3.834014 seconds.
  path: Assets/Models/Aliens/Alien 1.prefab
  artifactKey: Guid(d84a4a860b5f29b4ab693179f16a3a90) Importer(815301076,1909f56bfc062723c751e8b465ee728b)
Start importing Assets/Models/Aliens/Alien 1.prefab using Guid(d84a4a860b5f29b4ab693179f16a3a90) Importer(815301076,1909f56bfc062723c751e8b465ee728b)  -> (artifact id: 'cfd58827d3b654db0d19a9eea4ce2c95') in 0.032963 seconds 
========================================================================
Received Import Request.
  Time since last request: 4.887821 seconds.
  path: Assets/Models/Aliens/Alien 1.prefab
  artifactKey: Guid(d84a4a860b5f29b4ab693179f16a3a90) Importer(815301076,1909f56bfc062723c751e8b465ee728b)
Start importing Assets/Models/Aliens/Alien 1.prefab using Guid(d84a4a860b5f29b4ab693179f16a3a90) Importer(815301076,1909f56bfc062723c751e8b465ee728b)  -> (artifact id: 'b7a613b53266b9785667385ee193f00d') in 0.028116 seconds 
========================================================================
Received Import Request.
  Time since last request: 1.446052 seconds.
  path: Assets/Models/Aliens/Alien 1.prefab
  artifactKey: Guid(d84a4a860b5f29b4ab693179f16a3a90) Importer(815301076,1909f56bfc062723c751e8b465ee728b)
Start importing Assets/Models/Aliens/Alien 1.prefab using Guid(d84a4a860b5f29b4ab693179f16a3a90) Importer(815301076,1909f56bfc062723c751e8b465ee728b)  -> (artifact id: '22eef0ca710749b3866237e1ea14e4d0') in 0.034264 seconds 
========================================================================
Received Import Request.
  Time since last request: 4.082281 seconds.
  path: Assets/Models/Aliens/Alien 1.prefab
  artifactKey: Guid(d84a4a860b5f29b4ab693179f16a3a90) Importer(815301076,1909f56bfc062723c751e8b465ee728b)
Start importing Assets/Models/Aliens/Alien 1.prefab using Guid(d84a4a860b5f29b4ab693179f16a3a90) Importer(815301076,1909f56bfc062723c751e8b465ee728b)  -> (artifact id: '8d95bf6b988e36ffcf211835463c0414') in 0.019899 seconds 
========================================================================
Received Import Request.
  Time since last request: 6.935357 seconds.
  path: Assets/Models/Aliens/Alien 1.prefab
  artifactKey: Guid(d84a4a860b5f29b4ab693179f16a3a90) Importer(815301076,1909f56bfc062723c751e8b465ee728b)
Start importing Assets/Models/Aliens/Alien 1.prefab using Guid(d84a4a860b5f29b4ab693179f16a3a90) Importer(815301076,1909f56bfc062723c751e8b465ee728b)  -> (artifact id: 'cf8b7ed167291ac828dc0f999ea773d2') in 0.016711 seconds 
========================================================================
Received Import Request.
  Time since last request: 1.523192 seconds.
  path: Assets/Models/Aliens/Alien 1.prefab
  artifactKey: Guid(d84a4a860b5f29b4ab693179f16a3a90) Importer(815301076,1909f56bfc062723c751e8b465ee728b)
Start importing Assets/Models/Aliens/Alien 1.prefab using Guid(d84a4a860b5f29b4ab693179f16a3a90) Importer(815301076,1909f56bfc062723c751e8b465ee728b)  -> (artifact id: 'db2ec25d819c67b1cc8603b3f08e3e59') in 0.018100 seconds 
========================================================================
Received Import Request.
  Time since last request: 0.411908 seconds.
  path: Assets/Models/Aliens/Alien 1.prefab
  artifactKey: Guid(d84a4a860b5f29b4ab693179f16a3a90) Importer(815301076,1909f56bfc062723c751e8b465ee728b)
Start importing Assets/Models/Aliens/Alien 1.prefab using Guid(d84a4a860b5f29b4ab693179f16a3a90) Importer(815301076,1909f56bfc062723c751e8b465ee728b)  -> (artifact id: '79e12ca7569446de5726b23aa829ce85') in 0.017440 seconds 
========================================================================
Received Import Request.
  Time since last request: 2.698124 seconds.
  path: Assets/Models/Aliens/Alien 1.prefab
  artifactKey: Guid(d84a4a860b5f29b4ab693179f16a3a90) Importer(815301076,1909f56bfc062723c751e8b465ee728b)
Start importing Assets/Models/Aliens/Alien 1.prefab using Guid(d84a4a860b5f29b4ab693179f16a3a90) Importer(815301076,1909f56bfc062723c751e8b465ee728b)  -> (artifact id: 'bf4bec805bbad5bb53633544878d815c') in 0.025142 seconds 
========================================================================
Received Import Request.
  Time since last request: 3.912523 seconds.
  path: Assets/Models/Aliens/Alien 1.prefab
  artifactKey: Guid(d84a4a860b5f29b4ab693179f16a3a90) Importer(815301076,1909f56bfc062723c751e8b465ee728b)
Start importing Assets/Models/Aliens/Alien 1.prefab using Guid(d84a4a860b5f29b4ab693179f16a3a90) Importer(815301076,1909f56bfc062723c751e8b465ee728b)  -> (artifact id: '8099b104191c7eb6a0e7ecb63a0746e4') in 0.018377 seconds 
========================================================================
Received Import Request.
  Time since last request: 1.093893 seconds.
  path: Assets/Models/Aliens/Alien 1.prefab
  artifactKey: Guid(d84a4a860b5f29b4ab693179f16a3a90) Importer(815301076,1909f56bfc062723c751e8b465ee728b)
Start importing Assets/Models/Aliens/Alien 1.prefab using Guid(d84a4a860b5f29b4ab693179f16a3a90) Importer(815301076,1909f56bfc062723c751e8b465ee728b)  -> (artifact id: '8529b6d17087974328d5cc3140464658') in 0.027107 seconds 
========================================================================
Received Import Request.
  Time since last request: 3.147066 seconds.
  path: Assets/Models/Aliens/Alien 1 right.prefab
  artifactKey: Guid(586bc00670d127b46b20f2758af535c1) Importer(815301076,1909f56bfc062723c751e8b465ee728b)
Start importing Assets/Models/Aliens/Alien 1 right.prefab using Guid(586bc00670d127b46b20f2758af535c1) Importer(815301076,1909f56bfc062723c751e8b465ee728b)  -> (artifact id: '77226ca5a5125183783d3b3f71bef20f') in 0.019659 seconds 
========================================================================
Received Import Request.
  Time since last request: 2.103008 seconds.
  path: Assets/Models/Aliens/Alien 1 left.prefab
  artifactKey: Guid(5a26fd8743a5db545adfc3342bb518de) Importer(815301076,1909f56bfc062723c751e8b465ee728b)
Start importing Assets/Models/Aliens/Alien 1 left.prefab using Guid(5a26fd8743a5db545adfc3342bb518de) Importer(815301076,1909f56bfc062723c751e8b465ee728b)  -> (artifact id: 'a25ce643b6e1c5295b2111e578873195') in 0.014916 seconds 
========================================================================
Received Import Request.
  Time since last request: 210.457571 seconds.
  path: Assets/Models/Aliens/Alien 2 right.prefab
  artifactKey: Guid(2483025442fbcd8439123e3b57833477) Importer(815301076,1909f56bfc062723c751e8b465ee728b)
Start importing Assets/Models/Aliens/Alien 2 right.prefab using Guid(2483025442fbcd8439123e3b57833477) Importer(815301076,1909f56bfc062723c751e8b465ee728b)  -> (artifact id: '254fb3f2420cb00e873a4c2abd4facb1') in 0.031289 seconds 
========================================================================
Received Import Request.
  Time since last request: 3.250626 seconds.
  path: Assets/Models/Aliens/Alien 2 right.prefab
  artifactKey: Guid(2483025442fbcd8439123e3b57833477) Importer(815301076,1909f56bfc062723c751e8b465ee728b)
Start importing Assets/Models/Aliens/Alien 2 right.prefab using Guid(2483025442fbcd8439123e3b57833477) Importer(815301076,1909f56bfc062723c751e8b465ee728b)  -> (artifact id: '2454baf510fb2ea39c08a641bc753a52') in 0.028464 seconds 
========================================================================
Received Import Request.
  Time since last request: 4.443316 seconds.
  path: Assets/Models/Aliens/Alien 2 right.prefab
  artifactKey: Guid(2483025442fbcd8439123e3b57833477) Importer(815301076,1909f56bfc062723c751e8b465ee728b)
Start importing Assets/Models/Aliens/Alien 2 right.prefab using Guid(2483025442fbcd8439123e3b57833477) Importer(815301076,1909f56bfc062723c751e8b465ee728b)  -> (artifact id: 'd4c3029e366d1362a8e96046dfd09e3a') in 0.031872 seconds 
========================================================================
Received Import Request.
  Time since last request: 6.435618 seconds.
  path: Assets/Models/Aliens/Alien 2 right.prefab
  artifactKey: Guid(2483025442fbcd8439123e3b57833477) Importer(815301076,1909f56bfc062723c751e8b465ee728b)
Start importing Assets/Models/Aliens/Alien 2 right.prefab using Guid(2483025442fbcd8439123e3b57833477) Importer(815301076,1909f56bfc062723c751e8b465ee728b)  -> (artifact id: 'f43264b5ad9dc6460ce4a243b3b948e1') in 0.021786 seconds 
========================================================================
Received Import Request.
  Time since last request: 7.933184 seconds.
  path: Assets/Models/Aliens/Alien 2 right.prefab
  artifactKey: Guid(2483025442fbcd8439123e3b57833477) Importer(815301076,1909f56bfc062723c751e8b465ee728b)
Start importing Assets/Models/Aliens/Alien 2 right.prefab using Guid(2483025442fbcd8439123e3b57833477) Importer(815301076,1909f56bfc062723c751e8b465ee728b)  -> (artifact id: 'f557b42592595bbb99d42711315e7509') in 0.021464 seconds 
========================================================================
Received Import Request.
  Time since last request: 1.351876 seconds.
  path: Assets/Models/Aliens/Alien 2 right.prefab
  artifactKey: Guid(2483025442fbcd8439123e3b57833477) Importer(815301076,1909f56bfc062723c751e8b465ee728b)
Start importing Assets/Models/Aliens/Alien 2 right.prefab using Guid(2483025442fbcd8439123e3b57833477) Importer(815301076,1909f56bfc062723c751e8b465ee728b)  -> (artifact id: '57d1e5f6374fc109b30885f8a4f9a06c') in 0.020310 seconds 
========================================================================
Received Import Request.
  Time since last request: 4.516977 seconds.
  path: Assets/Models/Aliens/Alien 2 right.prefab
  artifactKey: Guid(2483025442fbcd8439123e3b57833477) Importer(815301076,1909f56bfc062723c751e8b465ee728b)
Start importing Assets/Models/Aliens/Alien 2 right.prefab using Guid(2483025442fbcd8439123e3b57833477) Importer(815301076,1909f56bfc062723c751e8b465ee728b)  -> (artifact id: '8239c4751022e6ebfc2d0f215ca94cd8') in 0.061137 seconds 
========================================================================
Received Import Request.
  Time since last request: 1.417740 seconds.
  path: Assets/Models/Aliens/Alien 2 right.prefab
  artifactKey: Guid(2483025442fbcd8439123e3b57833477) Importer(815301076,1909f56bfc062723c751e8b465ee728b)
Start importing Assets/Models/Aliens/Alien 2 right.prefab using Guid(2483025442fbcd8439123e3b57833477) Importer(815301076,1909f56bfc062723c751e8b465ee728b)  -> (artifact id: '05680f1745b5f1c9dc7b0256c6c1196f') in 0.020687 seconds 
========================================================================
Received Import Request.
  Time since last request: 2.614337 seconds.
  path: Assets/Models/Aliens/Alien 2 right.prefab
  artifactKey: Guid(2483025442fbcd8439123e3b57833477) Importer(815301076,1909f56bfc062723c751e8b465ee728b)
Start importing Assets/Models/Aliens/Alien 2 right.prefab using Guid(2483025442fbcd8439123e3b57833477) Importer(815301076,1909f56bfc062723c751e8b465ee728b)  -> (artifact id: '19a7078157591b36006795966e57da9e') in 0.021602 seconds 
========================================================================
Received Import Request.
  Time since last request: 2.273972 seconds.
  path: Assets/Models/Aliens/Alien 2 right.prefab
  artifactKey: Guid(2483025442fbcd8439123e3b57833477) Importer(815301076,1909f56bfc062723c751e8b465ee728b)
Start importing Assets/Models/Aliens/Alien 2 right.prefab using Guid(2483025442fbcd8439123e3b57833477) Importer(815301076,1909f56bfc062723c751e8b465ee728b)  -> (artifact id: '72ec3d32cf505fbd6fb3cfb389b2a20a') in 0.024997 seconds 
========================================================================
Received Import Request.
  Time since last request: 2.935014 seconds.
  path: Assets/Models/Aliens/Alien 2 right 1.prefab
  artifactKey: Guid(10120c8076c67ae448e50f9ffb8cbbb9) Importer(815301076,1909f56bfc062723c751e8b465ee728b)
Start importing Assets/Models/Aliens/Alien 2 right 1.prefab using Guid(10120c8076c67ae448e50f9ffb8cbbb9) Importer(815301076,1909f56bfc062723c751e8b465ee728b)  -> (artifact id: '4267172e51a7dcc381bf6139ec0bb43f') in 0.094719 seconds 
========================================================================
Received Import Request.
  Time since last request: 7.166017 seconds.
  path: Assets/Models/Aliens/alien 2 left.prefab
  artifactKey: Guid(10120c8076c67ae448e50f9ffb8cbbb9) Importer(815301076,1909f56bfc062723c751e8b465ee728b)
Start importing Assets/Models/Aliens/alien 2 left.prefab using Guid(10120c8076c67ae448e50f9ffb8cbbb9) Importer(815301076,1909f56bfc062723c751e8b465ee728b)  -> (artifact id: '8e693854e5ec67eb0de5be0df2effd41') in 0.028748 seconds 
========================================================================
Received Import Request.
  Time since last request: 2.942134 seconds.
  path: Assets/Models/Aliens/alien 2 left.prefab
  artifactKey: Guid(10120c8076c67ae448e50f9ffb8cbbb9) Importer(815301076,1909f56bfc062723c751e8b465ee728b)
Start importing Assets/Models/Aliens/alien 2 left.prefab using Guid(10120c8076c67ae448e50f9ffb8cbbb9) Importer(815301076,1909f56bfc062723c751e8b465ee728b)  -> (artifact id: 'e32e271f9e8d5a105fceb2c3c35969ba') in 0.023623 seconds 
========================================================================
Received Import Request.
  Time since last request: 8.065729 seconds.
  path: Assets/Models/Aliens/Alien 3 right.prefab
  artifactKey: Guid(6517fb6dca6ebf940adbb838db41756e) Importer(815301076,1909f56bfc062723c751e8b465ee728b)
Start importing Assets/Models/Aliens/Alien 3 right.prefab using Guid(6517fb6dca6ebf940adbb838db41756e) Importer(815301076,1909f56bfc062723c751e8b465ee728b)  -> (artifact id: '9ad97bac2e287369b8377b7eeeb862af') in 0.096649 seconds 
========================================================================
Received Import Request.
  Time since last request: 7.894527 seconds.
  path: Assets/Models/Aliens/Alien 3 right.prefab
  artifactKey: Guid(6517fb6dca6ebf940adbb838db41756e) Importer(815301076,1909f56bfc062723c751e8b465ee728b)
Start importing Assets/Models/Aliens/Alien 3 right.prefab using Guid(6517fb6dca6ebf940adbb838db41756e) Importer(815301076,1909f56bfc062723c751e8b465ee728b)  -> (artifact id: '667db4ba9380e9e846c0fe9ef279590f') in 0.027504 seconds 
========================================================================
Received Import Request.
  Time since last request: 2.516163 seconds.
  path: Assets/Models/Aliens/Alien 3 right.prefab
  artifactKey: Guid(6517fb6dca6ebf940adbb838db41756e) Importer(815301076,1909f56bfc062723c751e8b465ee728b)
Start importing Assets/Models/Aliens/Alien 3 right.prefab using Guid(6517fb6dca6ebf940adbb838db41756e) Importer(815301076,1909f56bfc062723c751e8b465ee728b)  -> (artifact id: 'f29d6e5a7fc106eba16a81f0f551cac9') in 0.027627 seconds 
========================================================================
Received Import Request.
  Time since last request: 5.122985 seconds.
  path: Assets/Models/Aliens/Alien 3 right.prefab
  artifactKey: Guid(6517fb6dca6ebf940adbb838db41756e) Importer(815301076,1909f56bfc062723c751e8b465ee728b)
Start importing Assets/Models/Aliens/Alien 3 right.prefab using Guid(6517fb6dca6ebf940adbb838db41756e) Importer(815301076,1909f56bfc062723c751e8b465ee728b)  -> (artifact id: '33eea6574738faf8ff61fdbee6b1bffe') in 0.022694 seconds 
========================================================================
Received Import Request.
  Time since last request: 2.758380 seconds.
  path: Assets/Models/Aliens/Alien 3 right.prefab
  artifactKey: Guid(6517fb6dca6ebf940adbb838db41756e) Importer(815301076,1909f56bfc062723c751e8b465ee728b)
Start importing Assets/Models/Aliens/Alien 3 right.prefab using Guid(6517fb6dca6ebf940adbb838db41756e) Importer(815301076,1909f56bfc062723c751e8b465ee728b)  -> (artifact id: '00de305cc94b53ded54265d197660513') in 0.024806 seconds 
========================================================================
Received Import Request.
  Time since last request: 2.301779 seconds.
  path: Assets/Models/Aliens/Alien 3 right.prefab
  artifactKey: Guid(6517fb6dca6ebf940adbb838db41756e) Importer(815301076,1909f56bfc062723c751e8b465ee728b)
Start importing Assets/Models/Aliens/Alien 3 right.prefab using Guid(6517fb6dca6ebf940adbb838db41756e) Importer(815301076,1909f56bfc062723c751e8b465ee728b)  -> (artifact id: 'c92d642b830cedddccecebd37771f9c4') in 0.024118 seconds 
========================================================================
Received Import Request.
  Time since last request: 3.294642 seconds.
  path: Assets/Models/Aliens/Alien 3 right.prefab
  artifactKey: Guid(6517fb6dca6ebf940adbb838db41756e) Importer(815301076,1909f56bfc062723c751e8b465ee728b)
Start importing Assets/Models/Aliens/Alien 3 right.prefab using Guid(6517fb6dca6ebf940adbb838db41756e) Importer(815301076,1909f56bfc062723c751e8b465ee728b)  -> (artifact id: 'fe155eec750ecaf2e4c42f2d193c043c') in 0.024663 seconds 
========================================================================
Received Import Request.
  Time since last request: 1.378687 seconds.
  path: Assets/Models/Aliens/Alien 3 right.prefab
  artifactKey: Guid(6517fb6dca6ebf940adbb838db41756e) Importer(815301076,1909f56bfc062723c751e8b465ee728b)
Start importing Assets/Models/Aliens/Alien 3 right.prefab using Guid(6517fb6dca6ebf940adbb838db41756e) Importer(815301076,1909f56bfc062723c751e8b465ee728b)  -> (artifact id: 'a02905c6a23491645fdb4143830ad654') in 0.023683 seconds 
========================================================================
Received Import Request.
  Time since last request: 2.268113 seconds.
  path: Assets/Models/Aliens/Alien 3 right.prefab
  artifactKey: Guid(6517fb6dca6ebf940adbb838db41756e) Importer(815301076,1909f56bfc062723c751e8b465ee728b)
Start importing Assets/Models/Aliens/Alien 3 right.prefab using Guid(6517fb6dca6ebf940adbb838db41756e) Importer(815301076,1909f56bfc062723c751e8b465ee728b)  -> (artifact id: 'd5aa8942e6de494b6a9fde1263cec463') in 0.021442 seconds 
========================================================================
Received Import Request.
  Time since last request: 1.403542 seconds.
  path: Assets/Models/Aliens/Alien 3 right.prefab
  artifactKey: Guid(6517fb6dca6ebf940adbb838db41756e) Importer(815301076,1909f56bfc062723c751e8b465ee728b)
Start importing Assets/Models/Aliens/Alien 3 right.prefab using Guid(6517fb6dca6ebf940adbb838db41756e) Importer(815301076,1909f56bfc062723c751e8b465ee728b)  -> (artifact id: '9d115873a4d6860321556731625f8227') in 0.024323 seconds 
========================================================================
Received Import Request.
  Time since last request: 4.573205 seconds.
  path: Assets/Models/Aliens/Alien 3 right 1.prefab
  artifactKey: Guid(669b6c41cdc89724194e09f1d3af5d67) Importer(815301076,1909f56bfc062723c751e8b465ee728b)
Start importing Assets/Models/Aliens/Alien 3 right 1.prefab using Guid(669b6c41cdc89724194e09f1d3af5d67) Importer(815301076,1909f56bfc062723c751e8b465ee728b)  -> (artifact id: '5bd189205f8713bf70ea5481e1c8e298') in 0.040098 seconds 
========================================================================
Received Import Request.
  Time since last request: 4.791667 seconds.
  path: Assets/Models/Aliens/alien 3 left.prefab
  artifactKey: Guid(669b6c41cdc89724194e09f1d3af5d67) Importer(815301076,1909f56bfc062723c751e8b465ee728b)
Start importing Assets/Models/Aliens/alien 3 left.prefab using Guid(669b6c41cdc89724194e09f1d3af5d67) Importer(815301076,1909f56bfc062723c751e8b465ee728b)  -> (artifact id: '5418e3439614684095af3dbed52d3dd5') in 0.030463 seconds 
========================================================================
Received Import Request.
  Time since last request: 2.695940 seconds.
  path: Assets/Models/Aliens/alien 3 left.prefab
  artifactKey: Guid(669b6c41cdc89724194e09f1d3af5d67) Importer(815301076,1909f56bfc062723c751e8b465ee728b)
Start importing Assets/Models/Aliens/alien 3 left.prefab using Guid(669b6c41cdc89724194e09f1d3af5d67) Importer(815301076,1909f56bfc062723c751e8b465ee728b)  -> (artifact id: '6e909fb267ba2b0b3a92c8f3d8e099af') in 0.021567 seconds 
========================================================================
Received Import Request.
  Time since last request: 3.542172 seconds.
  path: Assets/Models/Aliens/Alien 4 right.prefab
  artifactKey: Guid(b514ec759579bee49a103785d0b0dc38) Importer(815301076,1909f56bfc062723c751e8b465ee728b)
Start importing Assets/Models/Aliens/Alien 4 right.prefab using Guid(b514ec759579bee49a103785d0b0dc38) Importer(815301076,1909f56bfc062723c751e8b465ee728b)  -> (artifact id: '171749da246b4f903e14ccb996d54f17') in 0.029358 seconds 
========================================================================
Received Import Request.
  Time since last request: 2.346587 seconds.
  path: Assets/Models/Aliens/Alien 4 right.prefab
  artifactKey: Guid(b514ec759579bee49a103785d0b0dc38) Importer(815301076,1909f56bfc062723c751e8b465ee728b)
Start importing Assets/Models/Aliens/Alien 4 right.prefab using Guid(b514ec759579bee49a103785d0b0dc38) Importer(815301076,1909f56bfc062723c751e8b465ee728b)  -> (artifact id: '7267f13cb7001b555d2b5196ddf37d6d') in 0.038158 seconds 
========================================================================
Received Import Request.
  Time since last request: 2.492455 seconds.
  path: Assets/Models/Aliens/Alien 4 right.prefab
  artifactKey: Guid(b514ec759579bee49a103785d0b0dc38) Importer(815301076,1909f56bfc062723c751e8b465ee728b)
Start importing Assets/Models/Aliens/Alien 4 right.prefab using Guid(b514ec759579bee49a103785d0b0dc38) Importer(815301076,1909f56bfc062723c751e8b465ee728b)  -> (artifact id: 'a8b70583026e929dd7f8b5252784d8e5') in 0.032343 seconds 
========================================================================
Received Import Request.
  Time since last request: 3.126859 seconds.
  path: Assets/Models/Aliens/Alien 4 right.prefab
  artifactKey: Guid(b514ec759579bee49a103785d0b0dc38) Importer(815301076,1909f56bfc062723c751e8b465ee728b)
Start importing Assets/Models/Aliens/Alien 4 right.prefab using Guid(b514ec759579bee49a103785d0b0dc38) Importer(815301076,1909f56bfc062723c751e8b465ee728b)  -> (artifact id: 'b2fddf039e7c3e1f40349311299adfb4') in 0.030639 seconds 
========================================================================
Received Import Request.
  Time since last request: 5.151789 seconds.
  path: Assets/Models/Aliens/Alien 4 right.prefab
  artifactKey: Guid(b514ec759579bee49a103785d0b0dc38) Importer(815301076,1909f56bfc062723c751e8b465ee728b)
Start importing Assets/Models/Aliens/Alien 4 right.prefab using Guid(b514ec759579bee49a103785d0b0dc38) Importer(815301076,1909f56bfc062723c751e8b465ee728b)  -> (artifact id: '6e81da671e32ca64fe7952a267f7a3d0') in 0.023994 seconds 
========================================================================
Received Import Request.
  Time since last request: 3.064519 seconds.
  path: Assets/Models/Aliens/Alien 4 right.prefab
  artifactKey: Guid(b514ec759579bee49a103785d0b0dc38) Importer(815301076,1909f56bfc062723c751e8b465ee728b)
Start importing Assets/Models/Aliens/Alien 4 right.prefab using Guid(b514ec759579bee49a103785d0b0dc38) Importer(815301076,1909f56bfc062723c751e8b465ee728b)  -> (artifact id: 'e4553b1edc340c30f216db470152344e') in 0.031817 seconds 
========================================================================
Received Import Request.
  Time since last request: 1.897106 seconds.
  path: Assets/Models/Aliens/Alien 4 right.prefab
  artifactKey: Guid(b514ec759579bee49a103785d0b0dc38) Importer(815301076,1909f56bfc062723c751e8b465ee728b)
Start importing Assets/Models/Aliens/Alien 4 right.prefab using Guid(b514ec759579bee49a103785d0b0dc38) Importer(815301076,1909f56bfc062723c751e8b465ee728b)  -> (artifact id: '013669d57f65fc71092ab7e5756d121d') in 0.029717 seconds 
========================================================================
Received Import Request.
  Time since last request: 2.646172 seconds.
  path: Assets/Models/Aliens/Alien 4 right.prefab
  artifactKey: Guid(b514ec759579bee49a103785d0b0dc38) Importer(815301076,1909f56bfc062723c751e8b465ee728b)
Start importing Assets/Models/Aliens/Alien 4 right.prefab using Guid(b514ec759579bee49a103785d0b0dc38) Importer(815301076,1909f56bfc062723c751e8b465ee728b)  -> (artifact id: '1bdb8bda301346c7197548171cbe58dd') in 0.032773 seconds 
========================================================================
Received Import Request.
  Time since last request: 4.929177 seconds.
  path: Assets/Models/Aliens/Alien 4 right.prefab
  artifactKey: Guid(b514ec759579bee49a103785d0b0dc38) Importer(815301076,1909f56bfc062723c751e8b465ee728b)
Start importing Assets/Models/Aliens/Alien 4 right.prefab using Guid(b514ec759579bee49a103785d0b0dc38) Importer(815301076,1909f56bfc062723c751e8b465ee728b)  -> (artifact id: '10ec34623479fe8c7efdbfbcddc5bd50') in 0.035923 seconds 
========================================================================
Received Import Request.
  Time since last request: 2.251953 seconds.
  path: Assets/Models/Aliens/Alien 4 right.prefab
  artifactKey: Guid(b514ec759579bee49a103785d0b0dc38) Importer(815301076,1909f56bfc062723c751e8b465ee728b)
Start importing Assets/Models/Aliens/Alien 4 right.prefab using Guid(b514ec759579bee49a103785d0b0dc38) Importer(815301076,1909f56bfc062723c751e8b465ee728b)  -> (artifact id: '5a96925ace7e786aa70658a8fcb4be2c') in 0.033762 seconds 
========================================================================
Received Import Request.
  Time since last request: 3.364050 seconds.
  path: Assets/Models/Aliens/Alien 4 right 1.prefab
  artifactKey: Guid(bbc2eac973b7dd14a91584dfd91da332) Importer(815301076,1909f56bfc062723c751e8b465ee728b)
Start importing Assets/Models/Aliens/Alien 4 right 1.prefab using Guid(bbc2eac973b7dd14a91584dfd91da332) Importer(815301076,1909f56bfc062723c751e8b465ee728b)  -> (artifact id: '71b8fd6212832c51cb558f2b4b41d567') in 0.109382 seconds 
========================================================================
Received Import Request.
  Time since last request: 5.950661 seconds.
  path: Assets/Models/Aliens/alien4 left.prefab
  artifactKey: Guid(bbc2eac973b7dd14a91584dfd91da332) Importer(815301076,1909f56bfc062723c751e8b465ee728b)
Start importing Assets/Models/Aliens/alien4 left.prefab using Guid(bbc2eac973b7dd14a91584dfd91da332) Importer(815301076,1909f56bfc062723c751e8b465ee728b)  -> (artifact id: 'd44149f77ff8852e374a6285f27c50a0') in 0.043198 seconds 
========================================================================
Received Import Request.
  Time since last request: 15.941242 seconds.
  path: Assets/Models/Aliens/alien4 left.prefab
  artifactKey: Guid(bbc2eac973b7dd14a91584dfd91da332) Importer(815301076,1909f56bfc062723c751e8b465ee728b)
Start importing Assets/Models/Aliens/alien4 left.prefab using Guid(bbc2eac973b7dd14a91584dfd91da332) Importer(815301076,1909f56bfc062723c751e8b465ee728b)  -> (artifact id: '254a8cb0d9ef4fc3faaed8031ca937c9') in 0.026483 seconds 
========================================================================
Received Prepare
Registering precompiled user dll's ...
Registered in 0.010449 seconds.
Begin MonoManager ReloadAssembly
Symbol file LoadedFromMemory doesn't match image C:\Users\epicl\OneDrive\Documents\NUIG\Final Year Project\Unity FPY\FinalYearProject\Library\PackageCache\com.unity.visualscripting@1.7.8\Editor\VisualScripting.Core\Dependencies\YamlDotNet\Unity.VisualScripting.YamlDotNet.dll
Symbol file LoadedFromMemory doesn't match image C:\Users\epicl\OneDrive\Documents\NUIG\Final Year Project\Unity FPY\FinalYearProject\Library\PackageCache\com.unity.visualscripting@1.7.8\Editor\VisualScripting.Core\Dependencies\DotNetZip\Unity.VisualScripting.IonicZip.dll
Native extension for WindowsStandalone target not found
Native extension for WebGL target not found
Refreshing native plugins compatible for Editor in 1.48 ms, found 3 plugins.
Preloading 0 native plugins for Editor in 0.00 ms.
Mono: successfully reloaded assembly
- Completed reload, in  1.920 seconds
Domain Reload Profiling:
	ReloadAssembly (1921ms)
		BeginReloadAssembly (215ms)
			ExecutionOrderSort (0ms)
			DisableScriptedObjects (7ms)
			BackupInstance (0ms)
			ReleaseScriptingObjects (0ms)
			CreateAndSetChildDomain (61ms)
		EndReloadAssembly (1530ms)
			LoadAssemblies (139ms)
			RebuildTransferFunctionScriptingTraits (0ms)
			SetupTypeCache (456ms)
			ReleaseScriptCaches (2ms)
			RebuildScriptCaches (71ms)
			SetupLoadedEditorAssemblies (742ms)
				LogAssemblyErrors (0ms)
				InitializePlatformSupportModulesInManaged (35ms)
				SetLoadedEditorAssemblies (1ms)
				RefreshPlugins (2ms)
				BeforeProcessingInitializeOnLoad (149ms)
				ProcessInitializeOnLoadAttributes (480ms)
				ProcessInitializeOnLoadMethodAttributes (61ms)
				AfterProcessingInitializeOnLoad (14ms)
				EditorAssembliesLoaded (1ms)
			ExecutionOrderSort2 (0ms)
			AwakeInstancesAfterBackupRestoration (15ms)
Platform modules already initialized, skipping
Refreshing native plugins compatible for Editor in 4.15 ms, found 3 plugins.
Preloading 0 native plugins for Editor in 0.00 ms.
Unloading 3427 Unused Serialized files (Serialized files now loaded: 0)
Unloading 20 unused Assets / (80.2 KB). Loaded Objects now: 3958.
Memory consumption went from 125.6 MB to 125.5 MB.
Total: 6.200300 ms (FindLiveObjects: 0.358400 ms CreateObjectMapping: 0.183500 ms MarkObjects: 5.355500 ms  DeleteObjects: 0.300900 ms)

AssetImportParameters requested are different than current active one (requested -> active):
  custom:video-decoder-ogg-theora: a1e56fd34408186e4bbccfd4996cb3dc -> 
  custom:container-muxer-webm: aa71ff27fc2769a1b78a27578f13a17b -> 
  custom:container-demuxer-webm: 4f35f7cbe854078d1ac9338744f61a02 -> 
  custom:video-encoder-webm-vp8: eb34c28f22e8b96e1ab97ce403110664 -> 
  custom:audio-encoder-webm-vorbis: bf7c407c2cedff20999df2af8eb42d56 -> 
  custom:framework-win-MediaFoundation: 216162199b28c13a410421893ffa2e32 -> 
  custom:container-demuxer-ogg: 62fdf1f143b41e24485cea50d1cbac27 -> 
  custom:video-decoder-webm-vp8: 9c59270c3fd7afecdb556c50c9e8de78 -> 
  custom:audio-decoder-ogg-vorbis: bf7c407c2cedff20999df2af8eb42d56 -> 
